<?xml version='1.0' encoding='UTF-8'?>
<testsuite hostname="slaptop" name="quickcheck.QuickCheckBinomialHeap" tests="6" errors="1" failures="0" skipped="0" time="-0.006" timestamp="2021-03-17T10:19:55">
                     <properties>
      <property name="awt.toolkit" value="sun.awt.X11.XToolkit"/><property name="java.specification.version" value="11"/><property name="sun.cpu.isalist" value=""/><property name="sun.jnu.encoding" value="UTF-8"/><property name="sun.arch.data.model" value="64"/><property name="sbt.supershell" value="false"/><property name="java.vendor.url" value="https://ubuntu.com/"/><property name="sun.boot.library.path" value="/usr/lib/jvm/java-11-openjdk-amd64/lib"/><property name="sun.java.command" value="/usr/share/sbt/bin/sbt-launch.jar early(addPluginSbtFile=&quot;&quot;&quot;/tmp/idea9.sbt&quot;&quot;&quot;) ; set ideaPort in Global := 41021 ; idea-shell"/><property name="jdk.debug" value="release"/><property name="java.specification.vendor" value="Oracle Corporation"/><property name="java.version.date" value="2021-01-19"/><property name="java.home" value="/usr/lib/jvm/java-11-openjdk-amd64"/><property name="file.separator" value="/"/><property name="java.vm.compressedOopsMode" value="32-bit"/><property name="line.separator" value="
"/><property name="java.specification.name" value="Java Platform API Specification"/><property name="java.vm.specification.vendor" value="Oracle Corporation"/><property name="sun.management.compiler" value="HotSpot 64-Bit Tiered Compilers"/><property name="java.runtime.version" value="11.0.10+9-Ubuntu-0ubuntu1.18.04"/><property name="user.name" value="dmn"/><property name="file.encoding" value="UTF-8"/><property name="jnidispatch.path" value="/tmp/jna-99589/jna8514216742825344118.tmp"/><property name="jna.loaded" value="true"/><property name="java.io.tmpdir" value="/tmp"/><property name="java.version" value="11.0.10"/><property name="java.vm.specification.name" value="Java Virtual Machine Specification"/><property name="java.awt.printerjob" value="sun.print.PSPrinterJob"/><property name="sun.os.patch.level" value="unknown"/><property name="java.library.path" value="/usr/java/packages/lib:/usr/lib/x86_64-linux-gnu/jni:/lib/x86_64-linux-gnu:/usr/lib/x86_64-linux-gnu:/usr/lib/jni:/lib:/usr/lib"/><property name="java.vendor" value="Ubuntu"/><property name="sun.io.unicode.encoding" value="UnicodeLittle"/><property name="sun.desktop" value="gnome"/><property name="java.class.path" value="/usr/share/sbt/bin/sbt-launch.jar"/><property name="java.vm.vendor" value="Ubuntu"/><property name="jline.shutdownhook" value="false"/><property name="user.timezone" value="America/Los_Angeles"/><property name="os.name" value="Linux"/><property name="java.vm.specification.version" value="11"/><property name="sun.java.launcher" value="SUN_STANDARD"/><property name="user.country" value="US"/><property name="sun.cpu.endian" value="little"/><property name="user.home" value="/home/dmn"/><property name="user.language" value="en"/><property name="java.awt.graphicsenv" value="sun.awt.X11GraphicsEnvironment"/><property name="jline.esc.timeout" value="0"/><property name="path.separator" value=":"/><property name="os.version" value="4.15.0-136-generic"/><property name="jna.nosys" value="true"/><property name="java.runtime.name" value="OpenJDK Runtime Environment"/><property name="java.vm.name" value="OpenJDK 64-Bit Server VM"/><property name="jna.platform.library.path" value="/usr/lib/x86_64-linux-gnu:/lib/x86_64-linux-gnu:/lib64:/usr/lib:/lib:/usr/lib32:/lib/i386-linux-gnu:/lib32:/usr/lib/i386-linux-gnu:/usr/lib/x86_64-linux-gnu/libfakeroot"/><property name="java.vendor.url.bug" value="https://bugs.launchpad.net/ubuntu/+source/openjdk-lts"/><property name="user.dir" value="/home/dmn/home/stu/scala/2/1-1-quickcheck"/><property name="os.arch" value="amd64"/><property name="idea.managed" value="true"/><property name="java.vm.info" value="mixed mode, sharing"/><property name="java.vm.version" value="11.0.10+9-Ubuntu-0ubuntu1.18.04"/><property name="java.class.version" value="55.0"/>
    </properties>
                     <testcase classname="quickcheck.QuickCheckBinomialHeap" name="gen1" time="-0.001">
                                                 
                                               </testcase><testcase classname="quickcheck.QuickCheckBinomialHeap" name="min1" time="-0.001">
                                                 
                                               </testcase><testcase classname="quickcheck.QuickCheckBinomialHeap" name="min2" time="-0.001">
                                                 
                                               </testcase><testcase classname="quickcheck.QuickCheckBinomialHeap" name="delmin" time="-0.001">
                                                 
                                               </testcase><testcase classname="quickcheck.QuickCheckBinomialHeap" name="gen2" time="-0.001">
                                                 
                                               </testcase><testcase classname="quickcheck.QuickCheckBinomialHeap" name="sorted" time="-0.001">
                                                 <error message="java.util.NoSuchElementException: min of empty heap" type="sbt.ForkMain$ForkError">sbt.ForkMain$ForkError: java.util.NoSuchElementException: min of empty heap
	at quickcheck.BinomialHeap.findMin(Heap.scala:57)
	at quickcheck.BinomialHeap.findMin$(Heap.scala:56)
	at quickcheck.QuickCheckBinomialHeap$.findMin(QuickCheckSuite.scala:12)
	at quickcheck.QuickCheckBinomialHeap$.findMin(QuickCheckSuite.scala:12)
	at quickcheck.QuickCheckHeap.nextIsGreater$1(QuickCheck.scala:58)
	at quickcheck.QuickCheckHeap.$anonfun$new$24(QuickCheck.scala:68)
	at quickcheck.QuickCheckHeap.$anonfun$new$24$adapted(QuickCheck.scala:56)
	at scala.Function1.$anonfun$andThen$1(Function1.scala:85)
	at org.scalacheck.Prop$.$anonfun$forAllShrink$2(Prop.scala:761)
	at org.scalacheck.Prop$.secure(Prop.scala:471)
	at org.scalacheck.Prop$.result$1(Prop.scala:761)
	at org.scalacheck.Prop$.$anonfun$forAllShrink$1(Prop.scala:800)
	at org.scalacheck.Prop$.$anonfun$apply$1(Prop.scala:307)
	at org.scalacheck.PropFromFun.apply(Prop.scala:22)
	at org.scalacheck.Prop$.$anonfun$delay$1(Prop.scala:476)
	at org.scalacheck.Prop$.$anonfun$apply$1(Prop.scala:307)
	at org.scalacheck.PropFromFun.apply(Prop.scala:22)
	at org.scalacheck.Test$.workerFun$1(Test.scala:326)
	at org.scalacheck.Test$.$anonfun$check$1(Test.scala:355)
	at org.scalacheck.Test$.$anonfun$check$1$adapted(Test.scala:355)
	at org.scalacheck.Platform$.runWorkers(Platform.scala:40)
	at org.scalacheck.Test$.check(Test.scala:355)
	at org.scalacheck.ScalaCheckRunner$$anon$2.executeInternal(ScalaCheckFramework.scala:123)
	at org.scalacheck.ScalaCheckRunner$$anon$2.$anonfun$execute$11(ScalaCheckFramework.scala:113)
	at org.scalacheck.ScalaCheckRunner$$anon$2.$anonfun$execute$11$adapted(ScalaCheckFramework.scala:112)
	at scala.collection.IterableOnceOps.foreach(IterableOnce.scala:576)
	at scala.collection.IterableOnceOps.foreach$(IterableOnce.scala:574)
	at scala.collection.AbstractIterable.foreach(Iterable.scala:904)
	at scala.collection.IterableOps$WithFilter.foreach(Iterable.scala:874)
	at org.scalacheck.ScalaCheckRunner$$anon$2.execute(ScalaCheckFramework.scala:112)
	at sbt.ForkMain$Run.lambda$runTest$1(ForkMain.java:304)
	at java.base/java.util.concurrent.FutureTask.run(FutureTask.java:264)
	at java.base/java.util.concurrent.ThreadPoolExecutor.runWorker(ThreadPoolExecutor.java:1128)
	at java.base/java.util.concurrent.ThreadPoolExecutor$Worker.run(ThreadPoolExecutor.java:628)
	at java.base/java.lang.Thread.run(Thread.java:834)
</error>
                                               </testcase>
                     <system-out><![CDATA[]]></system-out>
                     <system-err><![CDATA[]]></system-err>
                   </testsuite>